[debug] [2024-10-26T04:31:02.684Z] ----------------------------------------------------------------------
[debug] [2024-10-26T04:31:02.698Z] Command:       C:\Program Files\nodejs\node.exe C:\Users\ADMIN\AppData\Roaming\npm\node_modules\firebase-tools\lib\bin\firebase.js init
[debug] [2024-10-26T04:31:02.698Z] CLI Version:   13.23.0
[debug] [2024-10-26T04:31:02.699Z] Platform:      win32
[debug] [2024-10-26T04:31:02.699Z] Node Version:  v19.7.0
[debug] [2024-10-26T04:31:02.699Z] Time:          Sat Oct 26 2024 10:01:02 GMT+0530 (India Standard Time)
[debug] [2024-10-26T04:31:02.699Z] ----------------------------------------------------------------------
[debug] 
[debug] [2024-10-26T04:31:02.706Z] > command requires scopes: ["email","openid","https://www.googleapis.com/auth/cloudplatformprojects.readonly","https://www.googleapis.com/auth/firebase","https://www.googleapis.com/auth/cloud-platform"]
[debug] [2024-10-26T04:31:02.707Z] > authorizing via signed-in user (nikinithya18@gmail.com)
[info] 
     ######## #### ########  ######## ########     ###     ######  ########
     ##        ##  ##     ## ##       ##     ##  ##   ##  ##       ##
     ######    ##  ########  ######   ########  #########  ######  ######
     ##        ##  ##    ##  ##       ##     ## ##     ##       ## ##
     ##       #### ##     ## ######## ########  ##     ##  ######  ########

You're about to initialize a Firebase project in this directory:

  F:\private\portfolio

[info] 
=== Project Setup
[info] 
[info] First, let's associate this project directory with a Firebase project.
[info] You can create multiple project aliases by running firebase use --add, 
[info] but for now we'll just set up a default project.
[info] 
[debug] [2024-10-26T04:31:11.137Z] Checked if tokens are valid: true, expires at: 1729919293370
[debug] [2024-10-26T04:31:11.137Z] Checked if tokens are valid: true, expires at: 1729919293370
[debug] [2024-10-26T04:31:11.142Z] >>> [apiv2][query] GET https://firebase.googleapis.com/v1beta1/projects pageSize=100
[debug] [2024-10-26T04:31:12.697Z] <<< [apiv2][status] GET https://firebase.googleapis.com/v1beta1/projects 200
[debug] [2024-10-26T04:31:12.698Z] <<< [apiv2][body] GET https://firebase.googleapis.com/v1beta1/projects [omitted]
[info] i  Using project personal-portfolio-12669 (Personal Portfolio) 
[info] 
=== Hosting Setup
[debug] [2024-10-26T04:31:39.961Z] Checked if tokens are valid: true, expires at: 1729919293370
[debug] [2024-10-26T04:31:39.961Z] Checked if tokens are valid: true, expires at: 1729919293370
[debug] [2024-10-26T04:31:39.962Z] >>> [apiv2][query] GET https://firebase.googleapis.com/v1beta1/projects/personal-portfolio-12669 [none]
[debug] [2024-10-26T04:31:40.944Z] <<< [apiv2][status] GET https://firebase.googleapis.com/v1beta1/projects/personal-portfolio-12669 200
[debug] [2024-10-26T04:31:40.944Z] <<< [apiv2][body] GET https://firebase.googleapis.com/v1beta1/projects/personal-portfolio-12669 {"projectId":"personal-portfolio-12669","projectNumber":"28167732448","displayName":"Personal Portfolio","name":"projects/personal-portfolio-12669","resources":{"hostingSite":"personal-portfolio-12669"},"state":"ACTIVE","etag":"1_f3b60f53-78e6-42ab-9806-d02911929cfd"}
[info] 
[info] Your public directory is the folder (relative to your project directory) that
[info] will contain Hosting assets to be uploaded with firebase deploy. If you
[info] have a build process for your assets, use your build's output directory.
[info] 
[info] +  Wrote public/404.html 
[debug] [2024-10-26T04:33:12.986Z] >>> [apiv2][query] GET https://www.gstatic.com/firebasejs/releases.json [none]
[debug] [2024-10-26T04:33:13.511Z] <<< [apiv2][status] GET https://www.gstatic.com/firebasejs/releases.json 200
[debug] [2024-10-26T04:33:13.512Z] <<< [apiv2][body] GET https://www.gstatic.com/firebasejs/releases.json {"current":{"version":"11.0.1","browserURL":"https://www.gstatic.com/firebasejs/11.0.1/firebase.js","packageURL":"https://www.gstatic.com/firebasejs/11.0.1/firebase.tgz"},"live":{"version":"11.0","browserURL":"https://www.gstatic.com/firebasejs/live/11.0/firebase.js","packageURL":"https://www.gstatic.com/firebasejs/live/11.0/firebase.tgz"},"components":{"analytics":"https://www.gstatic.com/firebasejs/11.0.1/firebase-analytics.js","app":"https://www.gstatic.com/firebasejs/11.0.1/firebase-app.js","app-check":"https://www.gstatic.com/firebasejs/11.0.1/firebase-app-check.js","auth":"https://www.gstatic.com/firebasejs/11.0.1/firebase-auth.js","auth/cordova":"https://www.gstatic.com/firebasejs/11.0.1/firebase-auth/cordova.js","auth/web-extension":"https://www.gstatic.com/firebasejs/11.0.1/firebase-auth/web-extension.js","functions":"https://www.gstatic.com/firebasejs/11.0.1/firebase-functions.js","firestore":"https://www.gstatic.com/firebasejs/11.0.1/firebase-firestore.js","firestore/lite":"https://www.gstatic.com/firebasejs/11.0.1/firebase-firestore/lite.js","installations":"https://www.gstatic.com/firebasejs/11.0.1/firebase-installations.js","storage":"https://www.gstatic.com/firebasejs/11.0.1/firebase-storage.js","performance":"https://www.gstatic.com/firebasejs/11.0.1/firebase-performance.js","remote-config":"https://www.gstatic.com/firebasejs/11.0.1/firebase-remote-config.js","messaging":"https://www.gstatic.com/firebasejs/11.0.1/firebase-messaging.js","messaging/sw":"https://www.gstatic.com/firebasejs/11.0.1/firebase-messaging/sw.js","database":"https://www.gstatic.com/firebasejs/11.0.1/firebase-database.js","vertexai":"https://www.gstatic.com/firebasejs/11.0.1/firebase-vertexai.js","data-connect":"https://www.gstatic.com/firebasejs/11.0.1/firebase-data-connect.js","firestore.memory":"https://www.gstatic.com/firebasejs/11.0.1/firebase-firestore.memory.js"}}
[info] +  Wrote public/index.html 
[info] 
[info] i  Writing configuration info to firebase.json... 
[info] i  Writing project information to .firebaserc... 
[info] i  Writing gitignore file to .gitignore... 
[info] 
[info] +  Firebase initialization complete! 
